<?xml version="1.0" encoding="UTF-8"?>
<testng-results skipped="0" failed="0" ignored="0" total="1" passed="1">
  <reporter-output>
  </reporter-output>
  <suite name="Default suite" duration-ms="183359" started-at="2022-05-31T17:23:18 IST" finished-at="2022-05-31T17:26:22 IST">
    <groups>
    </groups>
    <test name="Default test" duration-ms="183359" started-at="2022-05-31T17:23:18 IST" finished-at="2022-05-31T17:26:22 IST">
      <class name="org.testing.TestScripts.TC6">
        <test-method status="PASS" signature="Launch()[pri:0, instance:org.testing.TestScripts.TC6@3c153a1]" name="Launch" is-config="true" duration-ms="63707" started-at="2022-05-31T17:23:19 IST" finished-at="2022-05-31T17:24:22 IST">
          <reporter-output>
          </reporter-output>
        </test-method> <!-- Launch -->
        <test-method status="PASS" signature="PlayAndComment()[pri:0, instance:org.testing.TestScripts.TC6@3c153a1]" name="PlayAndComment" duration-ms="102895" started-at="2022-05-31T17:24:22 IST" finished-at="2022-05-31T17:26:05 IST">
          <reporter-output>
          </reporter-output>
        </test-method> <!-- PlayAndComment -->
        <test-method status="PASS" signature="Close()[pri:0, instance:org.testing.TestScripts.TC6@3c153a1]" name="Close" is-config="true" duration-ms="16612" started-at="2022-05-31T17:26:05 IST" finished-at="2022-05-31T17:26:22 IST">
          <reporter-output>
          </reporter-output>
        </test-method> <!-- Close -->
      </class> <!-- org.testing.TestScripts.TC6 -->
    </test> <!-- Default test -->
  </suite> <!-- Default suite -->
</testng-results>
