<?xml version="1.0" encoding="UTF-8"?>
<!-- Generated by org.testng.reporters.JUnitXMLReporter -->
<testsuite hostname="user" ignored="0" name="Test" tests="8" failures="0" timestamp="2022-05-11T13:36:14 IST" time="473.0" errors="0">
  <testcase name="Trending" time="39.112" classname="org.testing.TestScripts.TC1"/>
  <testcase name="History" time="38.865" classname="org.testing.TestScripts.TC2"/>
  <testcase name="Subscriptions" time="35.257" classname="org.testing.TestScripts.TC3"/>
  <testcase name="PlayAndLike" time="40.571" classname="org.testing.TestScripts.TC4"/>
  <testcase name="PlayAndSubscribe" time="40.823" classname="org.testing.TestScripts.TC5"/>
  <testcase name="PlayAndComment" time="50.8" classname="org.testing.TestScripts.TC6"/>
  <testcase name="WatchLater" time="36.943" classname="org.testing.TestScripts.TC7"/>
  <testcase name="Library" time="37.577" classname="org.testing.TestScripts.TC8"/>
</testsuite> <!-- Test -->
