<?xml version="1.0" encoding="UTF-8"?>
<!-- Generated by org.testng.reporters.JUnitXMLReporter -->
<testsuite hostname="user" ignored="0" name="Command line test 5da0af54-5800-45f1-b7da-d4cdaac04393" tests="7" failures="0" timestamp="2022-05-18T18:35:54 IST" time="474.283" errors="0">
  <testcase name="Trending" time="44.691" classname="org.testing.TestScripts.TC1"/>
  <testcase name="History" time="39.425" classname="org.testing.TestScripts.TC2"/>
  <testcase name="Subscriptions" time="41.044" classname="org.testing.TestScripts.TC3"/>
  <testcase name="PlayAndSubscribe" time="46.292" classname="org.testing.TestScripts.TC5"/>
  <testcase name="PlayAndComment" time="58.076" classname="org.testing.TestScripts.TC6"/>
  <testcase name="WatchLater" time="38.91" classname="org.testing.TestScripts.TC7"/>
  <testcase name="Library" time="41.897" classname="org.testing.TestScripts.TC8"/>
</testsuite> <!-- Command line test 5da0af54-5800-45f1-b7da-d4cdaac04393 -->
